#-----------------------------------------------------------
# Vivado v2017.4 (64-bit)
# SW Build 2086221 on Fri Dec 15 20:55:39 MST 2017
# IP Build 2085800 on Fri Dec 15 22:25:07 MST 2017
# Start of session at: Wed Sep 26 13:20:02 2018
# Process ID: 21576
# Current directory: C:/Users/Daniel Yang/Desktop/Good Hphones/vhdl/hydrophones/hdlsrc/vivado_prj
# Command line: vivado.exe -gui_launcher_event rodinguilauncherevent9556 C:\Users\Daniel Yang\Desktop\Good Hphones\vhdl\hydrophones\hdlsrc\vivado_prj\hydrophones_fixpt_vivado.xpr
# Log file: C:/Users/Daniel Yang/Desktop/Good Hphones/vhdl/hydrophones/hdlsrc/vivado_prj/vivado.log
# Journal file: C:/Users/Daniel Yang/Desktop/Good Hphones/vhdl/hydrophones/hdlsrc/vivado_prj\vivado.jou
#-----------------------------------------------------------
start_gui
open_project {C:/Users/Daniel Yang/Desktop/Good Hphones/vhdl/hydrophones/hdlsrc/vivado_prj/hydrophones_fixpt_vivado.xpr}
INFO: [Project 1-313] Project file moved from 'C:/Users/Daniel Yang/Desktop/Good Hphones/codegen/hydrophones/hdlsrc/vivado_prj' since last save.
Scanning sources...
Finished scanning sources
INFO: [IP_Flow 19-234] Refreshing IP repositories
INFO: [IP_Flow 19-1704] No user IP repositories specified
INFO: [IP_Flow 19-2313] Loaded Vivado IP repository 'C:/Xilinx/Vivado/2017.4/data/ip'.
open_project: Time (s): cpu = 00:00:11 ; elapsed = 00:00:05 . Memory (MB): peak = 805.953 ; gain = 114.934
update_compile_order -fileset sources_1
exit
INFO: [Common 17-206] Exiting Vivado at Wed Sep 26 13:21:17 2018...
