#-----------------------------------------------------------
# Vivado v2017.4 (64-bit)
# SW Build 2086221 on Fri Dec 15 20:55:39 MST 2017
# IP Build 2085800 on Fri Dec 15 22:25:07 MST 2017
# Start of session at: Thu Jun 14 16:00:44 2018
# Process ID: 22396
# Current directory: C:/Users/Daniel Yang/Desktop/Good Hphones/codegen/hydrophones/hdlsrc/vivado_prj
# Command line: vivado.exe -gui_launcher_event rodinguilauncherevent7756 C:\Users\Daniel Yang\Desktop\Good Hphones\codegen\hydrophones\hdlsrc\vivado_prj\hydrophones_fixpt_vivado.xpr
# Log file: C:/Users/Daniel Yang/Desktop/Good Hphones/codegen/hydrophones/hdlsrc/vivado_prj/vivado.log
# Journal file: C:/Users/Daniel Yang/Desktop/Good Hphones/codegen/hydrophones/hdlsrc/vivado_prj\vivado.jou
#-----------------------------------------------------------
start_gui
open_project {C:/Users/Daniel Yang/Desktop/Good Hphones/codegen/hydrophones/hdlsrc/vivado_prj/hydrophones_fixpt_vivado.xpr}
Scanning sources...
Finished scanning sources
INFO: [IP_Flow 19-234] Refreshing IP repositories
INFO: [IP_Flow 19-1704] No user IP repositories specified
INFO: [IP_Flow 19-2313] Loaded Vivado IP repository 'C:/Xilinx/Vivado/2017.4/data/ip'.
update_compile_order -fileset sources_1
exit
INFO: [Common 17-206] Exiting Vivado at Thu Jun 14 16:01:35 2018...
